<?xml version="1.0" encoding="UTF-8"?>
<!-- Generated by org.testng.reporters.JUnitReportReporter -->
<testsuite hostname="DESKTOP-3BJI8HH" failures="0" tests="1" name="dropdown.dropdownTests" time="1.374" errors="0" timestamp="2020-06-18T18:16:53 IST" skipped="0">
  <testcase classname="dropdown.dropdownTests" name="testSelectOption" time="1.374"/>
  <system-out/>
</testsuite> <!-- dropdown.dropdownTests -->
