<?xml version="1.0" encoding="UTF-8"?>
<!-- Generated by org.testng.reporters.JUnitReportReporter -->
<testsuite hostname="DESKTOP-3BJI8HH" failures="0" tests="1" name="login.LoginTests" time="12.216" errors="0" timestamp="2020-06-16T17:37:34 IST" skipped="0">
  <testcase classname="login.LoginTests" name="testSuccessfulLogin" time="12.216"/>
  <system-out/>
</testsuite> <!-- login.LoginTests -->
