<?xml version="1.0" encoding="UTF-8"?>
<!-- Generated by org.testng.reporters.JUnitReportReporter -->
<testsuite hostname="DESKTOP-3BJI8HH" failures="0" tests="1" name="frames.framesTests" time="6.652" errors="0" timestamp="2020-06-25T14:58:40 IST" skipped="0">
  <testcase classname="frames.framesTests" name="testWysiwyg" time="6.652"/>
  <system-out/>
</testsuite> <!-- frames.framesTests -->
