<?xml version="1.0" encoding="UTF-8"?>
<!-- Generated by org.testng.reporters.JUnitReportReporter -->
<testsuite hostname="DESKTOP-3BJI8HH" failures="0" tests="1" name="login.LoginTests" time="4.980" errors="0" timestamp="2020-06-26T20:36:57 IST" skipped="0">
  <testcase classname="login.LoginTests" name="testSuccessfulLogin" time="4.980"/>
  <system-out/>
</testsuite> <!-- login.LoginTests -->
