<?xml version="1.0" encoding="UTF-8"?>
<!-- Generated by org.testng.reporters.JUnitReportReporter -->
<testsuite hostname="DESKTOP-3BJI8HH" failures="0" tests="1" name="wait.waitTests" time="8.975" errors="0" timestamp="2020-06-25T18:42:18 IST" skipped="0">
  <testcase classname="wait.waitTests" name="testWaitUntilHidden" time="8.975"/>
  <system-out/>
</testsuite> <!-- wait.waitTests -->
