<?xml version="1.0" encoding="UTF-8"?>
<!-- Generated by org.testng.reporters.JUnitReportReporter -->
<testsuite hostname="DESKTOP-3BJI8HH" failures="0" tests="1" name="keys.keysTests" time="1.935" errors="0" timestamp="2020-06-19T17:47:10 IST" skipped="0">
  <testcase classname="keys.keysTests" name="testBackSpace" time="1.935"/>
  <system-out/>
</testsuite> <!-- keys.keysTests -->
