<?xml version="1.0" encoding="UTF-8"?>
<!-- Generated by org.testng.reporters.JUnitReportReporter -->
<testsuite hostname="DESKTOP-3BJI8HH" failures="0" tests="1" name="navigation.navigationTests" time="4.705" errors="0" timestamp="2020-06-26T16:42:36 IST" skipped="0">
  <testcase classname="navigation.navigationTests" name="testSwitchTab" time="4.705"/>
  <system-out/>
</testsuite> <!-- navigation.navigationTests -->
